<?xml version="1.0" encoding="UTF-8"?>
<!-- Generated by org.testng.reporters.JUnitReportReporter -->
<testsuite hostname="DESKTOP-B66TLLE" failures="1" tests="8" name="com.sergii.tests.ApiTests" time="9.429" errors="0" timestamp="2023-12-22T09:49:55 CET" skipped="0">
  <testcase classname="com.sergii.tests.ApiTests" name="verifyBodyOfGetSingleResource" time="1.417"/>
  <testcase classname="com.sergii.tests.ApiTests" name="patchMethodCheck" time="0.208"/>
  <testcase classname="com.sergii.tests.ApiTests" name="verifyBodyOfPostCreate" time="2.230">
    <failure message="Data are not equals expected [RootPost(name=Test, job=AQA, id=2, createdAt=2023-12-17T10:37:05.070Z)] but found [RootPost(name=null, job=null, id=2, createdAt=2023-12-17T10:37:05.070Z)]" type="java.lang.AssertionError">
      <![CDATA[java.lang.AssertionError: Data are not equals expected [RootPost(name=Test, job=AQA, id=2, createdAt=2023-12-17T10:37:05.070Z)] but found [RootPost(name=null, job=null, id=2, createdAt=2023-12-17T10:37:05.070Z)]
at org.testng.Assert.fail(Assert.java:111)
at org.testng.Assert.failNotEquals(Assert.java:1578)
at org.testng.Assert.assertEqualsImpl(Assert.java:150)
at org.testng.Assert.assertEquals(Assert.java:132)
at com.sergii.tests.ApiTests.verifyBodyOfPostCreate(ApiTests.java:120)
at java.base/jdk.internal.reflect.DirectMethodHandleAccessor.invoke(DirectMethodHandleAccessor.java:103)
at java.base/java.lang.reflect.Method.invoke(Method.java:580)
at org.testng.internal.invokers.MethodInvocationHelper.invokeMethod(MethodInvocationHelper.java:139)
at org.testng.internal.invokers.TestInvoker.invokeMethod(TestInvoker.java:664)
at org.testng.internal.invokers.TestInvoker.invokeTestMethod(TestInvoker.java:227)
at org.testng.internal.invokers.MethodRunner.runInSequence(MethodRunner.java:50)
at org.testng.internal.invokers.TestInvoker$MethodInvocationAgent.invoke(TestInvoker.java:957)
at org.testng.internal.invokers.TestInvoker.invokeTestMethods(TestInvoker.java:200)
at org.testng.internal.invokers.TestMethodWorker.invokeTestMethods(TestMethodWorker.java:148)
at org.testng.internal.invokers.TestMethodWorker.run(TestMethodWorker.java:128)
at java.base/java.util.ArrayList.forEach(ArrayList.java:1596)
at org.testng.TestRunner.privateRun(TestRunner.java:848)
at org.testng.TestRunner.run(TestRunner.java:621)
at org.testng.SuiteRunner.runTest(SuiteRunner.java:443)
at org.testng.SuiteRunner.runSequentially(SuiteRunner.java:437)
at org.testng.SuiteRunner.privateRun(SuiteRunner.java:397)
at org.testng.SuiteRunner.run(SuiteRunner.java:336)
at org.testng.SuiteRunnerWorker.runSuite(SuiteRunnerWorker.java:52)
at org.testng.SuiteRunnerWorker.run(SuiteRunnerWorker.java:95)
at org.testng.TestNG.runSuitesSequentially(TestNG.java:1280)
at org.testng.TestNG.runSuitesLocally(TestNG.java:1200)
at org.testng.TestNG.runSuites(TestNG.java:1114)
at org.testng.TestNG.run(TestNG.java:1082)
at org.apache.maven.surefire.testng.TestNGExecutor.run(TestNGExecutor.java:155)
at org.apache.maven.surefire.testng.TestNGDirectoryTestSuite.executeMulti(TestNGDirectoryTestSuite.java:169)
at org.apache.maven.surefire.testng.TestNGDirectoryTestSuite.execute(TestNGDirectoryTestSuite.java:88)
at org.apache.maven.surefire.testng.TestNGProvider.invoke(TestNGProvider.java:137)
at org.apache.maven.surefire.booter.ForkedBooter.runSuitesInProcess(ForkedBooter.java:385)
at org.apache.maven.surefire.booter.ForkedBooter.execute(ForkedBooter.java:162)
at org.apache.maven.surefire.booter.ForkedBooter.run(ForkedBooter.java:507)
at org.apache.maven.surefire.booter.ForkedBooter.main(ForkedBooter.java:495)
]]>
    </failure>
  </testcase> <!-- verifyBodyOfPostCreate -->
  <testcase classname="com.sergii.tests.ApiTests" name="verifyBodyOfPutUpdate" time="0.200"/>
  <testcase classname="com.sergii.tests.ApiTests" name="getSingleResource" time="0.510"/>
  <testcase classname="com.sergii.tests.ApiTests" name="postCreate" time="0.305"/>
  <testcase classname="com.sergii.tests.ApiTests" name="deleteMethodCheck" time="4.328"/>
  <testcase classname="com.sergii.tests.ApiTests" name="putUpdate" time="0.231"/>
</testsuite> <!-- com.sergii.tests.ApiTests -->
